C:\USERS\JULIAN\DOCUMENTS\VISUAL STUDIO 2012\PROJECTS\FWGSHOP\FWGSHOP\DEBUG\MAIN.OBJ
C:\USERS\JULIAN\DOCUMENTS\VISUAL STUDIO 2012\PROJECTS\FWGSHOP\FWGSHOP\DEBUG\ASSEMBLYINFO.OBJ
C:\USERS\JULIAN\DOCUMENTS\VISUAL STUDIO 2012\PROJECTS\FWGSHOP\FWGSHOP\DEBUG\VC110.PDB
C:\USERS\JULIAN\DOCUMENTS\VISUAL STUDIO 2012\PROJECTS\FWGSHOP\FWGSHOP\DEBUG\MAINWINDOW.OBJ
C:\USERS\JULIAN\DOCUMENTS\VISUAL STUDIO 2012\PROJECTS\FWGSHOP\FWGSHOP\DEBUG\.NETFRAMEWORK,VERSION=V4.0.ASSEMBLYATTRIBUTES.OBJ
C:\Users\Julian\Documents\Visual Studio 2012\Projects\FWGShop\FWGShop\Debug\FWGShop.MainWindow.resources
C:\Users\Julian\Documents\Visual Studio 2012\Projects\FWGShop\FWGShop\Debug\FWGShop.icons.resources
C:\USERS\JULIAN\DOCUMENTS\VISUAL STUDIO 2012\PROJECTS\FWGSHOP\DEBUG\FWGSHOP.ILK
C:\USERS\JULIAN\DOCUMENTS\VISUAL STUDIO 2012\PROJECTS\FWGSHOP\DEBUG\FWGSHOP.EXE
C:\USERS\JULIAN\DOCUMENTS\VISUAL STUDIO 2012\PROJECTS\FWGSHOP\DEBUG\FWGSHOP.PDB
C:\USERS\JULIAN\DOCUMENTS\VISUAL STUDIO 2012\PROJECTS\FWGSHOP\FWGSHOP\DEBUG\RESOURCE.RES
C:\Users\Julian\Documents\Visual Studio 2012\Projects\FWGShop\FWGShop\Debug\FWGShop.vcxproj.GenerateResource.Cache
C:\Users\Julian\Documents\Visual Studio 2012\Projects\FWGShop\FWGShop\Debug\.NETFramework,Version=v4.0.AssemblyAttributes.obj
C:\Users\Julian\Documents\Visual Studio 2012\Projects\FWGShop\FWGShop\Debug\AssemblyInfo.obj
C:\Users\Julian\Documents\Visual Studio 2012\Projects\FWGShop\FWGShop\Debug\main.obj
C:\Users\Julian\Documents\Visual Studio 2012\Projects\FWGShop\FWGShop\Debug\MainWindow.obj
C:\Users\Julian\Documents\Visual Studio 2012\Projects\FWGShop\FWGShop\Debug\cl.command.1.tlog
C:\Users\Julian\Documents\Visual Studio 2012\Projects\FWGShop\FWGShop\Debug\CL.read.1.tlog
C:\Users\Julian\Documents\Visual Studio 2012\Projects\FWGShop\FWGShop\Debug\CL.write.1.tlog
C:\Users\Julian\Documents\Visual Studio 2012\Projects\FWGShop\FWGShop\Debug\FWGShop.write.1.tlog
C:\Users\Julian\Documents\Visual Studio 2012\Projects\FWGShop\FWGShop\Debug\link.9024-cvtres.read.1.tlog
C:\Users\Julian\Documents\Visual Studio 2012\Projects\FWGShop\FWGShop\Debug\link.9024-cvtres.write.1.tlog
C:\Users\Julian\Documents\Visual Studio 2012\Projects\FWGShop\FWGShop\Debug\link.9024-rc.read.1.tlog
C:\Users\Julian\Documents\Visual Studio 2012\Projects\FWGShop\FWGShop\Debug\link.9024-rc.write.1.tlog
C:\Users\Julian\Documents\Visual Studio 2012\Projects\FWGShop\FWGShop\Debug\link.9024.read.1.tlog
C:\Users\Julian\Documents\Visual Studio 2012\Projects\FWGShop\FWGShop\Debug\link.9024.write.1.tlog
C:\Users\Julian\Documents\Visual Studio 2012\Projects\FWGShop\FWGShop\Debug\link.command.1.tlog
C:\Users\Julian\Documents\Visual Studio 2012\Projects\FWGShop\FWGShop\Debug\link.read.1.tlog
C:\Users\Julian\Documents\Visual Studio 2012\Projects\FWGShop\FWGShop\Debug\link.write.1.tlog
C:\Users\Julian\Documents\Visual Studio 2012\Projects\FWGShop\FWGShop\Debug\metagen.read.1.tlog
C:\Users\Julian\Documents\Visual Studio 2012\Projects\FWGShop\FWGShop\Debug\metagen.write.1.tlog
C:\Users\Julian\Documents\Visual Studio 2012\Projects\FWGShop\FWGShop\Debug\rc.command.1.tlog
C:\Users\Julian\Documents\Visual Studio 2012\Projects\FWGShop\FWGShop\Debug\rc.read.1.tlog
C:\Users\Julian\Documents\Visual Studio 2012\Projects\FWGShop\FWGShop\Debug\rc.write.1.tlog
C:\Users\Julian\Documents\Visual Studio 2012\Projects\FWGShop\FWGShop\Debug\Resource.res
C:\Users\Julian\Documents\Visual Studio 2012\Projects\FWGShop\FWGShop\Debug\vc110.pdb
C:\Users\Julian\Documents\Visual Studio 2012\Projects\FWGShop\FWGShop\Debug\TZRES.DLL.bi
C:\Users\Julian\Documents\Visual Studio 2012\Projects\FWGShop\Debug\FWGShop.pdb
C:\Users\Julian\Documents\Visual Studio 2012\Projects\FWGShop\Debug\FWGShop.exe
C:\Users\Julian\Documents\Visual Studio 2012\Projects\FWGShop\Debug\FWGShop.ilk
